2023-05-02  5:25:18 0 [Note] Starting MariaDB 10.6.12-MariaDB source revision 4c79e15cc3716f69c044d4287ad2160da8101cdc as process 112
2023-05-02  5:25:19 0 [Note] InnoDB: Compressed tables use zlib 1.2.12
2023-05-02  5:25:19 0 [Note] InnoDB: Number of pools: 1
2023-05-02  5:25:19 0 [Note] InnoDB: Using ARMv8 crc32 + pmull instructions
2023-05-02  5:25:19 0 [Note] mariadbd: O_TMPFILE is not supported on /var/tmp (disabling future attempts)
2023-05-02  5:25:19 0 [Note] InnoDB: Using Linux native AIO
2023-05-02  5:25:19 0 [Note] InnoDB: Initializing buffer pool, total size = 134217728, chunk size = 134217728
2023-05-02  5:25:19 0 [Note] InnoDB: Completed initialization of buffer pool
2023-05-02  5:25:19 0 [Note] InnoDB: Starting crash recovery from checkpoint LSN=42144,42144
2023-05-02  5:25:21 0 [Note] InnoDB: Starting final batch to recover 78 pages from redo log.
2023-05-02  5:25:21 0 [Note] InnoDB: 128 rollback segments are active.
2023-05-02  5:25:21 0 [Note] InnoDB: Removed temporary tablespace data file: "./ibtmp1"
2023-05-02  5:25:21 0 [Note] InnoDB: Creating shared tablespace for temporary tables
2023-05-02  5:25:21 0 [Note] InnoDB: Setting file './ibtmp1' size to 12 MB. Physically writing the file full; Please wait ...
2023-05-02  5:25:21 0 [Note] InnoDB: File './ibtmp1' size is now 12 MB.
2023-05-02  5:25:21 0 [Note] InnoDB: 10.6.12 started; log sequence number 738176; transaction id 558
2023-05-02  5:25:21 0 [Note] InnoDB: Loading buffer pool(s) from /var/lib/mysql/ib_buffer_pool
2023-05-02  5:25:21 0 [Note] Plugin 'FEEDBACK' is disabled.
2023-05-02  5:25:21 0 [Note] InnoDB: Buffer pool(s) load completed at 230502  5:25:21
2023-05-02  5:25:22 0 [Note] Server socket created on IP: '0.0.0.0'.
2023-05-02  5:25:22 0 [Note] Server socket created on IP: '::'.
2023-05-02  5:25:22 0 [Note] /usr/bin/mariadbd: ready for connections.
Version: '10.6.12-MariaDB'  socket: '/run/mysqld/mysqld.sock'  port: 3306  MariaDB Server
2023-05-02  5:26:45 19 [Warning] Aborted connection 19 to db: 'my_wp_db' user: 'abc' host: 'mywp.mynet' (Got an error reading communication packets)
