2023-05-02  5:22:16 0 [Note] Starting MariaDB 10.6.12-MariaDB source revision 4c79e15cc3716f69c044d4287ad2160da8101cdc as process 126
2023-05-02  5:22:17 0 [Note] InnoDB: Compressed tables use zlib 1.2.12
2023-05-02  5:22:17 0 [Note] InnoDB: Number of pools: 1
2023-05-02  5:22:17 0 [Note] InnoDB: Using ARMv8 crc32 + pmull instructions
2023-05-02  5:22:17 0 [Note] mariadbd: O_TMPFILE is not supported on /var/tmp (disabling future attempts)
2023-05-02  5:22:17 0 [Note] InnoDB: Using Linux native AIO
2023-05-02  5:22:17 0 [Note] InnoDB: Initializing buffer pool, total size = 134217728, chunk size = 134217728
2023-05-02  5:22:17 0 [Note] InnoDB: Completed initialization of buffer pool
2023-05-02  5:22:18 0 [Note] InnoDB: 128 rollback segments are active.
2023-05-02  5:22:18 0 [Note] InnoDB: Creating shared tablespace for temporary tables
2023-05-02  5:22:19 0 [Note] InnoDB: Setting file './ibtmp1' size to 12 MB. Physically writing the file full; Please wait ...
2023-05-02  5:22:19 0 [Note] InnoDB: File './ibtmp1' size is now 12 MB.
2023-05-02  5:22:19 0 [Note] InnoDB: 10.6.12 started; log sequence number 42120; transaction id 14
2023-05-02  5:22:19 0 [Note] Plugin 'FEEDBACK' is disabled.
2023-05-02  5:22:19 0 [Note] InnoDB: Loading buffer pool(s) from /var/lib/mysql/ib_buffer_pool
2023-05-02  5:22:22 0 [Note] Starting MariaDB 10.6.12-MariaDB source revision 4c79e15cc3716f69c044d4287ad2160da8101cdc as process 105
2023-05-02  5:22:22 0 [Note] InnoDB: Compressed tables use zlib 1.2.12
2023-05-02  5:22:22 0 [Note] InnoDB: Number of pools: 1
2023-05-02  5:22:22 0 [Note] InnoDB: Using ARMv8 crc32 + pmull instructions
2023-05-02  5:22:22 0 [Note] mariadbd: O_TMPFILE is not supported on /var/tmp (disabling future attempts)
2023-05-02  5:22:22 0 [Note] InnoDB: Using Linux native AIO
2023-05-02  5:22:22 0 [Note] InnoDB: Initializing buffer pool, total size = 134217728, chunk size = 134217728
2023-05-02  5:22:22 0 [Note] InnoDB: Completed initialization of buffer pool
2023-05-02  5:22:23 0 [Note] InnoDB: Starting crash recovery from checkpoint LSN=42120,42120
2023-05-02  5:22:24 0 [Note] InnoDB: 128 rollback segments are active.
2023-05-02  5:22:24 0 [Note] InnoDB: Removed temporary tablespace data file: "./ibtmp1"
2023-05-02  5:22:24 0 [Note] InnoDB: Creating shared tablespace for temporary tables
2023-05-02  5:22:24 0 [Note] InnoDB: Setting file './ibtmp1' size to 12 MB. Physically writing the file full; Please wait ...
2023-05-02  5:22:24 0 [Note] InnoDB: File './ibtmp1' size is now 12 MB.
2023-05-02  5:22:24 0 [Note] InnoDB: 10.6.12 started; log sequence number 42132; transaction id 14
2023-05-02  5:22:24 0 [Note] Plugin 'FEEDBACK' is disabled.
2023-05-02  5:22:24 0 [Note] InnoDB: Loading buffer pool(s) from /var/lib/mysql/ib_buffer_pool
2023-05-02  5:22:24 0 [Note] InnoDB: Buffer pool(s) load completed at 230502  5:22:24
2023-05-02  5:22:25 0 [Note] /usr/bin/mariadbd: ready for connections.
Version: '10.6.12-MariaDB'  socket: '/run/mysqld/mysqld.sock'  port: 0  MariaDB Server
2023-05-02  5:22:26 0 [Note] /usr/bin/mariadbd (initiated by: root[root] @ localhost []): Normal shutdown
2023-05-02  5:22:26 0 [Note] InnoDB: FTS optimize thread exiting.
2023-05-02  5:22:26 0 [Note] InnoDB: Starting shutdown...
2023-05-02  5:22:26 0 [Note] InnoDB: Dumping buffer pool(s) to /var/lib/mysql/ib_buffer_pool
2023-05-02  5:22:26 0 [Note] InnoDB: Buffer pool(s) dump completed at 230502  5:22:26
2023-05-02  5:22:26 0 [Note] InnoDB: Removed temporary tablespace data file: "./ibtmp1"
2023-05-02  5:22:26 0 [Note] InnoDB: Shutdown completed; log sequence number 42144; transaction id 15
2023-05-02  5:22:26 0 [Note] /usr/bin/mariadbd: Shutdown complete

2023-05-02  5:22:27 0 [Note] Starting MariaDB 10.6.12-MariaDB source revision 4c79e15cc3716f69c044d4287ad2160da8101cdc as process 202
2023-05-02  5:22:27 0 [Note] InnoDB: Compressed tables use zlib 1.2.12
2023-05-02  5:22:27 0 [Note] InnoDB: Number of pools: 1
2023-05-02  5:22:27 0 [Note] InnoDB: Using ARMv8 crc32 + pmull instructions
2023-05-02  5:22:27 0 [Note] mariadbd: O_TMPFILE is not supported on /var/tmp (disabling future attempts)
2023-05-02  5:22:27 0 [Note] InnoDB: Using Linux native AIO
2023-05-02  5:22:27 0 [Note] InnoDB: Initializing buffer pool, total size = 134217728, chunk size = 134217728
2023-05-02  5:22:27 0 [Note] InnoDB: Completed initialization of buffer pool
2023-05-02  5:22:30 0 [Note] InnoDB: 128 rollback segments are active.
2023-05-02  5:22:30 0 [Note] InnoDB: Creating shared tablespace for temporary tables
2023-05-02  5:22:30 0 [Note] InnoDB: Setting file './ibtmp1' size to 12 MB. Physically writing the file full; Please wait ...
2023-05-02  5:22:30 0 [Note] InnoDB: File './ibtmp1' size is now 12 MB.
2023-05-02  5:22:30 0 [Note] InnoDB: 10.6.12 started; log sequence number 42144; transaction id 14
2023-05-02  5:22:30 0 [Note] Plugin 'FEEDBACK' is disabled.
2023-05-02  5:22:30 0 [Note] InnoDB: Loading buffer pool(s) from /var/lib/mysql/ib_buffer_pool
2023-05-02  5:22:31 0 [Note] Server socket created on IP: '0.0.0.0'.
2023-05-02  5:22:31 0 [Note] Server socket created on IP: '::'.
2023-05-02  5:22:31 0 [Note] InnoDB: Buffer pool(s) load completed at 230502  5:22:31
2023-05-02  5:22:31 0 [Note] /usr/bin/mariadbd: ready for connections.
Version: '10.6.12-MariaDB'  socket: '/run/mysqld/mysqld.sock'  port: 3306  MariaDB Server
